<?xml version="1.0" encoding="UTF-8"?>
<coverage generated="1692519112347" clover="3.2.0">
  <project timestamp="1692519112347" name="All files">
    <metrics statements="123" coveredstatements="90" conditionals="26" coveredconditionals="26" methods="14" coveredmethods="11" elements="163" coveredelements="127" complexity="0" loc="123" ncloc="123" packages="3" files="3" classes="3"/>
    <package name="pages.log-in">
      <metrics statements="48" coveredstatements="15" conditionals="0" coveredconditionals="0" methods="4" coveredmethods="1"/>
      <file name="login.ts" path="C:\Users\mat_k\OneDrive\Рабочий стол\Учеба\RSSchool\ecommerce\src\components\pages\log-in\login.ts">
        <metrics statements="48" coveredstatements="15" conditionals="0" coveredconditionals="0" methods="4" coveredmethods="1"/>
        <line num="2" count="1" type="stmt"/>
        <line num="4" count="1" type="stmt"/>
        <line num="20" count="1" type="stmt"/>
        <line num="21" count="1" type="stmt"/>
        <line num="22" count="1" type="stmt"/>
        <line num="23" count="1" type="stmt"/>
        <line num="24" count="1" type="stmt"/>
        <line num="25" count="1" type="stmt"/>
        <line num="26" count="1" type="stmt"/>
        <line num="27" count="1" type="stmt"/>
        <line num="28" count="1" type="stmt"/>
        <line num="31" count="1" type="stmt"/>
        <line num="32" count="0" type="stmt"/>
        <line num="33" count="0" type="stmt"/>
        <line num="34" count="0" type="stmt"/>
        <line num="35" count="0" type="stmt"/>
        <line num="36" count="0" type="stmt"/>
        <line num="37" count="0" type="stmt"/>
        <line num="38" count="0" type="stmt"/>
        <line num="39" count="0" type="stmt"/>
        <line num="42" count="1" type="stmt"/>
        <line num="43" count="0" type="stmt"/>
        <line num="44" count="0" type="stmt"/>
        <line num="45" count="0" type="stmt"/>
        <line num="46" count="0" type="stmt"/>
        <line num="47" count="0" type="stmt"/>
        <line num="50" count="1" type="stmt"/>
        <line num="51" count="0" type="stmt"/>
        <line num="52" count="0" type="stmt"/>
        <line num="53" count="0" type="stmt"/>
        <line num="54" count="0" type="stmt"/>
        <line num="55" count="0" type="stmt"/>
        <line num="56" count="0" type="stmt"/>
        <line num="57" count="0" type="stmt"/>
        <line num="58" count="0" type="stmt"/>
        <line num="59" count="0" type="stmt"/>
        <line num="60" count="0" type="stmt"/>
        <line num="61" count="0" type="stmt"/>
        <line num="62" count="0" type="stmt"/>
        <line num="63" count="0" type="stmt"/>
        <line num="68" count="0" type="stmt"/>
        <line num="69" count="0" type="stmt"/>
        <line num="74" count="0" type="stmt"/>
        <line num="75" count="0" type="stmt"/>
        <line num="76" count="0" type="stmt"/>
        <line num="77" count="0" type="stmt"/>
        <line num="78" count="0" type="stmt"/>
        <line num="81" count="1" type="stmt"/>
      </file>
    </package>
    <package name="pages.registration">
      <metrics statements="69" coveredstatements="69" conditionals="23" coveredconditionals="23" methods="9" coveredmethods="9"/>
      <file name="validation.ts" path="C:\Users\mat_k\OneDrive\Рабочий стол\Учеба\RSSchool\ecommerce\src\components\pages\registration\validation.ts">
        <metrics statements="69" coveredstatements="69" conditionals="23" coveredconditionals="23" methods="9" coveredmethods="9"/>
        <line num="1" count="1" type="stmt"/>
        <line num="3" count="1" type="stmt"/>
        <line num="4" count="1" type="stmt"/>
        <line num="5" count="1" type="stmt"/>
        <line num="6" count="1" type="stmt"/>
        <line num="7" count="1" type="stmt"/>
        <line num="8" count="1" type="stmt"/>
        <line num="12" count="1" type="stmt"/>
        <line num="13" count="5" type="stmt"/>
        <line num="14" count="5" type="stmt"/>
        <line num="17" count="1" type="stmt"/>
        <line num="18" count="3" type="stmt"/>
        <line num="19" count="3" type="cond" truecount="1" falsecount="0"/>
        <line num="20" count="1" type="stmt"/>
        <line num="22" count="3" type="cond" truecount="1" falsecount="0"/>
        <line num="23" count="1" type="stmt"/>
        <line num="25" count="3" type="cond" truecount="1" falsecount="0"/>
        <line num="26" count="1" type="stmt"/>
        <line num="28" count="3" type="cond" truecount="1" falsecount="0"/>
        <line num="29" count="1" type="stmt"/>
        <line num="31" count="3" type="cond" truecount="1" falsecount="0"/>
        <line num="32" count="1" type="stmt"/>
        <line num="34" count="3" type="cond" truecount="1" falsecount="0"/>
        <line num="35" count="1" type="stmt"/>
        <line num="37" count="3" type="stmt"/>
        <line num="40" count="1" type="stmt"/>
        <line num="41" count="2" type="stmt"/>
        <line num="42" count="2" type="cond" truecount="2" falsecount="0"/>
        <line num="43" count="1" type="stmt"/>
        <line num="44" count="1" type="cond" truecount="1" falsecount="0"/>
        <line num="45" count="1" type="stmt"/>
        <line num="47" count="2" type="stmt"/>
        <line num="50" count="1" type="stmt"/>
        <line num="51" count="2" type="stmt"/>
        <line num="52" count="2" type="cond" truecount="2" falsecount="0"/>
        <line num="53" count="1" type="stmt"/>
        <line num="54" count="1" type="cond" truecount="1" falsecount="0"/>
        <line num="55" count="1" type="stmt"/>
        <line num="57" count="2" type="stmt"/>
        <line num="60" count="1" type="stmt"/>
        <line num="61" count="1" type="stmt"/>
        <line num="62" count="1" type="stmt"/>
        <line num="63" count="1" type="stmt"/>
        <line num="66" count="1" type="stmt"/>
        <line num="67" count="2" type="stmt"/>
        <line num="68" count="2" type="cond" truecount="2" falsecount="0"/>
        <line num="69" count="1" type="stmt"/>
        <line num="70" count="1" type="cond" truecount="1" falsecount="0"/>
        <line num="71" count="1" type="stmt"/>
        <line num="73" count="2" type="stmt"/>
        <line num="76" count="1" type="stmt"/>
        <line num="77" count="4" type="stmt"/>
        <line num="78" count="4" type="cond" truecount="2" falsecount="0"/>
        <line num="79" count="1" type="stmt"/>
        <line num="80" count="3" type="cond" truecount="5" falsecount="0"/>
        <line num="81" count="1" type="stmt"/>
        <line num="82" count="1" type="stmt"/>
        <line num="83" count="2" type="cond" truecount="1" falsecount="0"/>
        <line num="84" count="1" type="stmt"/>
        <line num="86" count="4" type="stmt"/>
        <line num="90" count="1" type="stmt"/>
        <line num="91" count="2" type="stmt"/>
        <line num="93" count="1" type="stmt"/>
        <line num="94" count="1" type="stmt"/>
        <line num="95" count="1" type="stmt"/>
        <line num="96" count="1" type="stmt"/>
        <line num="97" count="1" type="stmt"/>
        <line num="98" count="1" type="stmt"/>
        <line num="100" count="1" type="stmt"/>
      </file>
    </package>
    <package name="shared.utilities">
      <metrics statements="6" coveredstatements="6" conditionals="3" coveredconditionals="3" methods="1" coveredmethods="1"/>
      <file name="helper-functions.ts" path="C:\Users\mat_k\OneDrive\Рабочий стол\Учеба\RSSchool\ecommerce\src\components\shared\utilities\helper-functions.ts">
        <metrics statements="6" coveredstatements="6" conditionals="3" coveredconditionals="3" methods="1" coveredmethods="1"/>
        <line num="1" count="2" type="stmt"/>
        <line num="2" count="4" type="stmt"/>
        <line num="3" count="4" type="cond" truecount="1" falsecount="0"/>
        <line num="4" count="4" type="stmt"/>
        <line num="6" count="4" type="cond" truecount="2" falsecount="0"/>
        <line num="7" count="4" type="stmt"/>
      </file>
    </package>
  </project>
</coverage>
