{"/Users/eugeniaiozefavichus/Desktop/St1_projects/ecommerce/ecommerce/src/components/pages/registration/validation.ts": {"path":"/Users/eugeniaiozefavichus/Desktop/St1_projects/ecommerce/ecommerce/src/components/pages/registration/validation.ts","statementMap":{"0":{"start":{"line":1,"column":0},"end":{"line":1,"column":78}},"1":{"start":{"line":3,"column":21},"end":{"line":3,"column":35}},"2":{"start":{"line":4,"column":21},"end":{"line":4,"column":35}},"3":{"start":{"line":5,"column":23},"end":{"line":5,"column":38}},"4":{"start":{"line":6,"column":19},"end":{"line":6,"column":33}},"5":{"start":{"line":7,"column":19},"end":{"line":7,"column":38}},"6":{"start":{"line":8,"column":16},"end":{"line":10,"column":2}},"7":{"start":{"line":12,"column":36},"end":{"line":15,"column":3}},"8":{"start":{"line":13,"column":25},"end":{"line":13,"column":37}},"9":{"start":{"line":14,"column":4},"end":{"line":14,"column":34}},"10":{"start":{"line":12,"column":13},"end":{"line":12,"column":36}},"11":{"start":{"line":17,"column":29},"end":{"line":38,"column":1}},"12":{"start":{"line":18,"column":32},"end":{"line":18,"column":34}},"13":{"start":{"line":19,"column":2},"end":{"line":21,"column":null}},"14":{"start":{"line":20,"column":4},"end":{"line":20,"column":63}},"15":{"start":{"line":22,"column":2},"end":{"line":24,"column":null}},"16":{"start":{"line":23,"column":4},"end":{"line":23,"column":77}},"17":{"start":{"line":25,"column":2},"end":{"line":27,"column":null}},"18":{"start":{"line":26,"column":4},"end":{"line":26,"column":77}},"19":{"start":{"line":28,"column":2},"end":{"line":30,"column":null}},"20":{"start":{"line":29,"column":4},"end":{"line":29,"column":66}},"21":{"start":{"line":31,"column":2},"end":{"line":33,"column":null}},"22":{"start":{"line":32,"column":4},"end":{"line":32,"column":89}},"23":{"start":{"line":34,"column":2},"end":{"line":36,"column":null}},"24":{"start":{"line":35,"column":4},"end":{"line":35,"column":76}},"25":{"start":{"line":37,"column":2},"end":{"line":37,"column":16}},"26":{"start":{"line":17,"column":13},"end":{"line":17,"column":29}},"27":{"start":{"line":40,"column":25},"end":{"line":48,"column":1}},"28":{"start":{"line":41,"column":32},"end":{"line":41,"column":34}},"29":{"start":{"line":42,"column":2},"end":{"line":46,"column":null}},"30":{"start":{"line":43,"column":4},"end":{"line":43,"column":58}},"31":{"start":{"line":44,"column":8},"end":{"line":46,"column":null}},"32":{"start":{"line":45,"column":4},"end":{"line":45,"column":71}},"33":{"start":{"line":47,"column":2},"end":{"line":47,"column":16}},"34":{"start":{"line":40,"column":13},"end":{"line":40,"column":25}},"35":{"start":{"line":50,"column":28},"end":{"line":58,"column":1}},"36":{"start":{"line":51,"column":32},"end":{"line":51,"column":34}},"37":{"start":{"line":52,"column":2},"end":{"line":56,"column":null}},"38":{"start":{"line":53,"column":4},"end":{"line":53,"column":61}},"39":{"start":{"line":54,"column":8},"end":{"line":56,"column":null}},"40":{"start":{"line":55,"column":4},"end":{"line":55,"column":74}},"41":{"start":{"line":57,"column":2},"end":{"line":57,"column":16}},"42":{"start":{"line":50,"column":13},"end":{"line":50,"column":28}},"43":{"start":{"line":60,"column":26},"end":{"line":64,"column":1}},"44":{"start":{"line":61,"column":15},"end":{"line":61,"column":30}},"45":{"start":{"line":62,"column":29},"end":{"line":62,"column":90}},"46":{"start":{"line":63,"column":2},"end":{"line":63,"column":26}},"47":{"start":{"line":60,"column":13},"end":{"line":60,"column":26}},"48":{"start":{"line":66,"column":25},"end":{"line":74,"column":1}},"49":{"start":{"line":67,"column":32},"end":{"line":67,"column":34}},"50":{"start":{"line":68,"column":2},"end":{"line":72,"column":null}},"51":{"start":{"line":69,"column":4},"end":{"line":69,"column":58}},"52":{"start":{"line":70,"column":8},"end":{"line":72,"column":null}},"53":{"start":{"line":71,"column":4},"end":{"line":71,"column":71}},"54":{"start":{"line":73,"column":2},"end":{"line":73,"column":16}},"55":{"start":{"line":66,"column":13},"end":{"line":66,"column":25}},"56":{"start":{"line":76,"column":25},"end":{"line":87,"column":1}},"57":{"start":{"line":77,"column":32},"end":{"line":77,"column":34}},"58":{"start":{"line":78,"column":2},"end":{"line":85,"column":null}},"59":{"start":{"line":79,"column":4},"end":{"line":79,"column":45}},"60":{"start":{"line":80,"column":9},"end":{"line":85,"column":null}},"61":{"start":{"line":81,"column":4},"end":{"line":81,"column":67}},"62":{"start":{"line":82,"column":4},"end":{"line":82,"column":59}},"63":{"start":{"line":83,"column":8},"end":{"line":85,"column":null}},"64":{"start":{"line":84,"column":4},"end":{"line":84,"column":51}},"65":{"start":{"line":86,"column":2},"end":{"line":86,"column":16}},"66":{"start":{"line":76,"column":13},"end":{"line":76,"column":25}},"67":{"start":{"line":90,"column":2},"end":{"line":90,"column":111}},"68":{"start":{"line":91,"column":26},"end":{"line":91,"column":78}},"69":{"start":{"line":91,"column":54},"end":{"line":91,"column":78}},"70":{"start":{"line":91,"column":13},"end":{"line":91,"column":26}},"71":{"start":{"line":93,"column":27},"end":{"line":101,"column":1}},"72":{"start":{"line":94,"column":20},"end":{"line":94,"column":59}},"73":{"start":{"line":95,"column":2},"end":{"line":99,"column":null}},"74":{"start":{"line":95,"column":15},"end":{"line":95,"column":16}},"75":{"start":{"line":96,"column":15},"end":{"line":96,"column":55}},"76":{"start":{"line":97,"column":4},"end":{"line":97,"column":29}},"77":{"start":{"line":98,"column":4},"end":{"line":98,"column":25}},"78":{"start":{"line":100,"column":2},"end":{"line":100,"column":19}},"79":{"start":{"line":93,"column":13},"end":{"line":93,"column":27}}},"fnMap":{"0":{"name":"(anonymous_0)","decl":{"start":{"line":12,"column":36},"end":{"line":12,"column":37}},"loc":{"start":{"line":12,"column":54},"end":{"line":15,"column":3}}},"1":{"name":"(anonymous_1)","decl":{"start":{"line":17,"column":29},"end":{"line":17,"column":30}},"loc":{"start":{"line":17,"column":62},"end":{"line":38,"column":1}}},"2":{"name":"(anonymous_2)","decl":{"start":{"line":40,"column":25},"end":{"line":40,"column":26}},"loc":{"start":{"line":40,"column":58},"end":{"line":48,"column":1}}},"3":{"name":"(anonymous_3)","decl":{"start":{"line":50,"column":28},"end":{"line":50,"column":29}},"loc":{"start":{"line":50,"column":61},"end":{"line":58,"column":1}}},"4":{"name":"(anonymous_4)","decl":{"start":{"line":60,"column":26},"end":{"line":60,"column":27}},"loc":{"start":{"line":60,"column":53},"end":{"line":64,"column":1}}},"5":{"name":"(anonymous_5)","decl":{"start":{"line":66,"column":25},"end":{"line":66,"column":26}},"loc":{"start":{"line":66,"column":58},"end":{"line":74,"column":1}}},"6":{"name":"(anonymous_6)","decl":{"start":{"line":76,"column":25},"end":{"line":76,"column":26}},"loc":{"start":{"line":76,"column":75},"end":{"line":87,"column":1}}},"7":{"name":"(anonymous_7)","decl":{"start":{"line":91,"column":26},"end":{"line":91,"column":27}},"loc":{"start":{"line":91,"column":54},"end":{"line":91,"column":78}}},"8":{"name":"(anonymous_8)","decl":{"start":{"line":93,"column":27},"end":{"line":93,"column":28}},"loc":{"start":{"line":93,"column":66},"end":{"line":101,"column":1}}}},"branchMap":{"0":{"loc":{"start":{"line":19,"column":2},"end":{"line":21,"column":null}},"type":"if","locations":[{"start":{"line":19,"column":2},"end":{"line":21,"column":null}}]},"1":{"loc":{"start":{"line":22,"column":2},"end":{"line":24,"column":null}},"type":"if","locations":[{"start":{"line":22,"column":2},"end":{"line":24,"column":null}}]},"2":{"loc":{"start":{"line":25,"column":2},"end":{"line":27,"column":null}},"type":"if","locations":[{"start":{"line":25,"column":2},"end":{"line":27,"column":null}}]},"3":{"loc":{"start":{"line":28,"column":2},"end":{"line":30,"column":null}},"type":"if","locations":[{"start":{"line":28,"column":2},"end":{"line":30,"column":null}}]},"4":{"loc":{"start":{"line":31,"column":2},"end":{"line":33,"column":null}},"type":"if","locations":[{"start":{"line":31,"column":2},"end":{"line":33,"column":null}}]},"5":{"loc":{"start":{"line":34,"column":2},"end":{"line":36,"column":null}},"type":"if","locations":[{"start":{"line":34,"column":2},"end":{"line":36,"column":null}}]},"6":{"loc":{"start":{"line":42,"column":2},"end":{"line":46,"column":null}},"type":"if","locations":[{"start":{"line":42,"column":2},"end":{"line":46,"column":null}},{"start":{"line":44,"column":8},"end":{"line":46,"column":null}}]},"7":{"loc":{"start":{"line":44,"column":8},"end":{"line":46,"column":null}},"type":"if","locations":[{"start":{"line":44,"column":8},"end":{"line":46,"column":null}}]},"8":{"loc":{"start":{"line":52,"column":2},"end":{"line":56,"column":null}},"type":"if","locations":[{"start":{"line":52,"column":2},"end":{"line":56,"column":null}},{"start":{"line":54,"column":8},"end":{"line":56,"column":null}}]},"9":{"loc":{"start":{"line":54,"column":8},"end":{"line":56,"column":null}},"type":"if","locations":[{"start":{"line":54,"column":8},"end":{"line":56,"column":null}}]},"10":{"loc":{"start":{"line":68,"column":2},"end":{"line":72,"column":null}},"type":"if","locations":[{"start":{"line":68,"column":2},"end":{"line":72,"column":null}},{"start":{"line":70,"column":8},"end":{"line":72,"column":null}}]},"11":{"loc":{"start":{"line":70,"column":8},"end":{"line":72,"column":null}},"type":"if","locations":[{"start":{"line":70,"column":8},"end":{"line":72,"column":null}}]},"12":{"loc":{"start":{"line":78,"column":2},"end":{"line":85,"column":null}},"type":"if","locations":[{"start":{"line":78,"column":2},"end":{"line":85,"column":null}},{"start":{"line":80,"column":9},"end":{"line":85,"column":null}}]},"13":{"loc":{"start":{"line":80,"column":9},"end":{"line":85,"column":null}},"type":"if","locations":[{"start":{"line":80,"column":9},"end":{"line":85,"column":null}},{"start":{"line":83,"column":8},"end":{"line":85,"column":null}}]},"14":{"loc":{"start":{"line":80,"column":13},"end":{"line":80,"column":76}},"type":"binary-expr","locations":[{"start":{"line":80,"column":13},"end":{"line":80,"column":30}},{"start":{"line":80,"column":35},"end":{"line":80,"column":59}},{"start":{"line":80,"column":61},"end":{"line":80,"column":75}}]},"15":{"loc":{"start":{"line":83,"column":8},"end":{"line":85,"column":null}},"type":"if","locations":[{"start":{"line":83,"column":8},"end":{"line":85,"column":null}}]}},"s":{"0":1,"1":1,"2":1,"3":1,"4":1,"5":1,"6":1,"7":1,"8":5,"9":5,"10":1,"11":1,"12":3,"13":3,"14":1,"15":3,"16":1,"17":3,"18":1,"19":3,"20":1,"21":3,"22":1,"23":3,"24":1,"25":3,"26":1,"27":1,"28":2,"29":2,"30":1,"31":1,"32":1,"33":2,"34":1,"35":1,"36":2,"37":2,"38":1,"39":1,"40":1,"41":2,"42":1,"43":1,"44":1,"45":1,"46":1,"47":1,"48":1,"49":2,"50":2,"51":1,"52":1,"53":1,"54":2,"55":1,"56":1,"57":3,"58":3,"59":1,"60":2,"61":1,"62":1,"63":1,"64":1,"65":3,"66":1,"67":1,"68":1,"69":2,"70":1,"71":1,"72":1,"73":0,"74":0,"75":0,"76":0,"77":0,"78":0,"79":1},"f":{"0":5,"1":3,"2":2,"3":2,"4":1,"5":2,"6":3,"7":2,"8":1},"b":{"0":[1],"1":[1],"2":[1],"3":[1],"4":[1],"5":[1],"6":[1,1],"7":[1],"8":[1,1],"9":[1],"10":[1,1],"11":[1],"12":[1,2],"13":[1,1],"14":[2,1,0],"15":[1]}}
,"/Users/eugeniaiozefavichus/Desktop/St1_projects/ecommerce/ecommerce/src/components/shared/utilities/helper-functions.ts": {"path":"/Users/eugeniaiozefavichus/Desktop/St1_projects/ecommerce/ecommerce/src/components/shared/utilities/helper-functions.ts","statementMap":{"0":{"start":{"line":1,"column":35},"end":{"line":6,"column":1}},"1":{"start":{"line":2,"column":18},"end":{"line":2,"column":45}},"2":{"start":{"line":3,"column":2},"end":{"line":3,"column":43}},"3":{"start":{"line":4,"column":2},"end":{"line":4,"column":57}},"4":{"start":{"line":5,"column":2},"end":{"line":5,"column":17}},"5":{"start":{"line":1,"column":13},"end":{"line":1,"column":35}}},"fnMap":{"0":{"name":"(anonymous_0)","decl":{"start":{"line":1,"column":35},"end":{"line":1,"column":36}},"loc":{"start":{"line":1,"column":104},"end":{"line":6,"column":1}}}},"branchMap":{"0":{"loc":{"start":{"line":4,"column":42},"end":{"line":4,"column":55}},"type":"binary-expr","locations":[{"start":{"line":4,"column":42},"end":{"line":4,"column":49}},{"start":{"line":4,"column":53},"end":{"line":4,"column":55}}]}},"s":{"0":1,"1":1,"2":0,"3":0,"4":0,"5":1},"f":{"0":1},"b":{"0":[0,0]}}
}
