{"/Users/eugeniaiozefavichus/Desktop/St1_projects/ecommerce/ecommerce/src/components/pages/registration/validation.ts": {"path":"/Users/eugeniaiozefavichus/Desktop/St1_projects/ecommerce/ecommerce/src/components/pages/registration/validation.ts","statementMap":{"0":{"start":{"line":1,"column":0},"end":{"line":1,"column":78}},"1":{"start":{"line":3,"column":21},"end":{"line":3,"column":35}},"2":{"start":{"line":4,"column":21},"end":{"line":4,"column":35}},"3":{"start":{"line":5,"column":19},"end":{"line":5,"column":36}},"4":{"start":{"line":6,"column":23},"end":{"line":6,"column":37}},"5":{"start":{"line":7,"column":19},"end":{"line":7,"column":33}},"6":{"start":{"line":8,"column":19},"end":{"line":8,"column":38}},"7":{"start":{"line":9,"column":16},"end":{"line":11,"column":2}},"8":{"start":{"line":13,"column":29},"end":{"line":16,"column":3}},"9":{"start":{"line":14,"column":25},"end":{"line":14,"column":37}},"10":{"start":{"line":15,"column":4},"end":{"line":15,"column":34}},"11":{"start":{"line":18,"column":29},"end":{"line":39,"column":1}},"12":{"start":{"line":19,"column":32},"end":{"line":19,"column":34}},"13":{"start":{"line":20,"column":2},"end":{"line":22,"column":null}},"14":{"start":{"line":21,"column":4},"end":{"line":21,"column":63}},"15":{"start":{"line":23,"column":2},"end":{"line":25,"column":null}},"16":{"start":{"line":24,"column":4},"end":{"line":24,"column":77}},"17":{"start":{"line":26,"column":2},"end":{"line":28,"column":null}},"18":{"start":{"line":27,"column":4},"end":{"line":27,"column":77}},"19":{"start":{"line":29,"column":2},"end":{"line":31,"column":null}},"20":{"start":{"line":30,"column":4},"end":{"line":30,"column":66}},"21":{"start":{"line":32,"column":2},"end":{"line":34,"column":null}},"22":{"start":{"line":33,"column":4},"end":{"line":33,"column":89}},"23":{"start":{"line":35,"column":2},"end":{"line":37,"column":null}},"24":{"start":{"line":36,"column":4},"end":{"line":36,"column":76}},"25":{"start":{"line":38,"column":2},"end":{"line":38,"column":16}},"26":{"start":{"line":18,"column":13},"end":{"line":18,"column":29}},"27":{"start":{"line":41,"column":25},"end":{"line":50,"column":1}},"28":{"start":{"line":42,"column":32},"end":{"line":42,"column":34}},"29":{"start":{"line":43,"column":2},"end":{"line":45,"column":null}},"30":{"start":{"line":44,"column":4},"end":{"line":44,"column":58}},"31":{"start":{"line":46,"column":2},"end":{"line":48,"column":null}},"32":{"start":{"line":47,"column":4},"end":{"line":47,"column":71}},"33":{"start":{"line":49,"column":2},"end":{"line":49,"column":16}},"34":{"start":{"line":41,"column":13},"end":{"line":41,"column":25}},"35":{"start":{"line":52,"column":28},"end":{"line":60,"column":1}},"36":{"start":{"line":53,"column":32},"end":{"line":53,"column":34}},"37":{"start":{"line":54,"column":2},"end":{"line":58,"column":null}},"38":{"start":{"line":55,"column":4},"end":{"line":55,"column":61}},"39":{"start":{"line":56,"column":8},"end":{"line":58,"column":null}},"40":{"start":{"line":57,"column":4},"end":{"line":57,"column":74}},"41":{"start":{"line":59,"column":2},"end":{"line":59,"column":16}},"42":{"start":{"line":52,"column":13},"end":{"line":52,"column":28}},"43":{"start":{"line":62,"column":26},"end":{"line":66,"column":1}},"44":{"start":{"line":63,"column":15},"end":{"line":63,"column":30}},"45":{"start":{"line":64,"column":29},"end":{"line":64,"column":90}},"46":{"start":{"line":65,"column":2},"end":{"line":65,"column":26}},"47":{"start":{"line":62,"column":13},"end":{"line":62,"column":26}},"48":{"start":{"line":68,"column":25},"end":{"line":76,"column":1}},"49":{"start":{"line":69,"column":32},"end":{"line":69,"column":34}},"50":{"start":{"line":70,"column":2},"end":{"line":74,"column":null}},"51":{"start":{"line":71,"column":4},"end":{"line":71,"column":58}},"52":{"start":{"line":72,"column":8},"end":{"line":74,"column":null}},"53":{"start":{"line":73,"column":4},"end":{"line":73,"column":71}},"54":{"start":{"line":75,"column":2},"end":{"line":75,"column":16}},"55":{"start":{"line":68,"column":13},"end":{"line":68,"column":25}},"56":{"start":{"line":78,"column":25},"end":{"line":89,"column":1}},"57":{"start":{"line":79,"column":32},"end":{"line":79,"column":34}},"58":{"start":{"line":80,"column":2},"end":{"line":87,"column":null}},"59":{"start":{"line":81,"column":4},"end":{"line":81,"column":45}},"60":{"start":{"line":82,"column":9},"end":{"line":87,"column":null}},"61":{"start":{"line":83,"column":4},"end":{"line":83,"column":67}},"62":{"start":{"line":84,"column":4},"end":{"line":84,"column":59}},"63":{"start":{"line":85,"column":8},"end":{"line":87,"column":null}},"64":{"start":{"line":86,"column":4},"end":{"line":86,"column":51}},"65":{"start":{"line":88,"column":2},"end":{"line":88,"column":16}},"66":{"start":{"line":78,"column":13},"end":{"line":78,"column":25}},"67":{"start":{"line":92,"column":2},"end":{"line":92,"column":111}},"68":{"start":{"line":93,"column":26},"end":{"line":93,"column":78}},"69":{"start":{"line":93,"column":54},"end":{"line":93,"column":78}},"70":{"start":{"line":93,"column":13},"end":{"line":93,"column":26}},"71":{"start":{"line":95,"column":27},"end":{"line":103,"column":1}},"72":{"start":{"line":96,"column":20},"end":{"line":96,"column":51}},"73":{"start":{"line":97,"column":2},"end":{"line":101,"column":null}},"74":{"start":{"line":97,"column":15},"end":{"line":97,"column":16}},"75":{"start":{"line":98,"column":15},"end":{"line":98,"column":55}},"76":{"start":{"line":99,"column":4},"end":{"line":99,"column":29}},"77":{"start":{"line":100,"column":4},"end":{"line":100,"column":25}},"78":{"start":{"line":102,"column":2},"end":{"line":102,"column":19}},"79":{"start":{"line":95,"column":13},"end":{"line":95,"column":27}}},"fnMap":{"0":{"name":"(anonymous_0)","decl":{"start":{"line":13,"column":29},"end":{"line":13,"column":30}},"loc":{"start":{"line":13,"column":47},"end":{"line":16,"column":3}}},"1":{"name":"(anonymous_1)","decl":{"start":{"line":18,"column":29},"end":{"line":18,"column":30}},"loc":{"start":{"line":18,"column":62},"end":{"line":39,"column":1}}},"2":{"name":"(anonymous_2)","decl":{"start":{"line":41,"column":25},"end":{"line":41,"column":26}},"loc":{"start":{"line":41,"column":58},"end":{"line":50,"column":1}}},"3":{"name":"(anonymous_3)","decl":{"start":{"line":52,"column":28},"end":{"line":52,"column":29}},"loc":{"start":{"line":52,"column":61},"end":{"line":60,"column":1}}},"4":{"name":"(anonymous_4)","decl":{"start":{"line":62,"column":26},"end":{"line":62,"column":27}},"loc":{"start":{"line":62,"column":53},"end":{"line":66,"column":1}}},"5":{"name":"(anonymous_5)","decl":{"start":{"line":68,"column":25},"end":{"line":68,"column":26}},"loc":{"start":{"line":68,"column":58},"end":{"line":76,"column":1}}},"6":{"name":"(anonymous_6)","decl":{"start":{"line":78,"column":25},"end":{"line":78,"column":26}},"loc":{"start":{"line":78,"column":75},"end":{"line":89,"column":1}}},"7":{"name":"(anonymous_7)","decl":{"start":{"line":93,"column":26},"end":{"line":93,"column":27}},"loc":{"start":{"line":93,"column":54},"end":{"line":93,"column":78}}},"8":{"name":"(anonymous_8)","decl":{"start":{"line":95,"column":27},"end":{"line":95,"column":28}},"loc":{"start":{"line":95,"column":66},"end":{"line":103,"column":1}}}},"branchMap":{"0":{"loc":{"start":{"line":20,"column":2},"end":{"line":22,"column":null}},"type":"if","locations":[{"start":{"line":20,"column":2},"end":{"line":22,"column":null}}]},"1":{"loc":{"start":{"line":23,"column":2},"end":{"line":25,"column":null}},"type":"if","locations":[{"start":{"line":23,"column":2},"end":{"line":25,"column":null}}]},"2":{"loc":{"start":{"line":26,"column":2},"end":{"line":28,"column":null}},"type":"if","locations":[{"start":{"line":26,"column":2},"end":{"line":28,"column":null}}]},"3":{"loc":{"start":{"line":29,"column":2},"end":{"line":31,"column":null}},"type":"if","locations":[{"start":{"line":29,"column":2},"end":{"line":31,"column":null}}]},"4":{"loc":{"start":{"line":32,"column":2},"end":{"line":34,"column":null}},"type":"if","locations":[{"start":{"line":32,"column":2},"end":{"line":34,"column":null}}]},"5":{"loc":{"start":{"line":35,"column":2},"end":{"line":37,"column":null}},"type":"if","locations":[{"start":{"line":35,"column":2},"end":{"line":37,"column":null}}]},"6":{"loc":{"start":{"line":43,"column":2},"end":{"line":45,"column":null}},"type":"if","locations":[{"start":{"line":43,"column":2},"end":{"line":45,"column":null}}]},"7":{"loc":{"start":{"line":46,"column":2},"end":{"line":48,"column":null}},"type":"if","locations":[{"start":{"line":46,"column":2},"end":{"line":48,"column":null}}]},"8":{"loc":{"start":{"line":54,"column":2},"end":{"line":58,"column":null}},"type":"if","locations":[{"start":{"line":54,"column":2},"end":{"line":58,"column":null}},{"start":{"line":56,"column":8},"end":{"line":58,"column":null}}]},"9":{"loc":{"start":{"line":56,"column":8},"end":{"line":58,"column":null}},"type":"if","locations":[{"start":{"line":56,"column":8},"end":{"line":58,"column":null}}]},"10":{"loc":{"start":{"line":70,"column":2},"end":{"line":74,"column":null}},"type":"if","locations":[{"start":{"line":70,"column":2},"end":{"line":74,"column":null}},{"start":{"line":72,"column":8},"end":{"line":74,"column":null}}]},"11":{"loc":{"start":{"line":72,"column":8},"end":{"line":74,"column":null}},"type":"if","locations":[{"start":{"line":72,"column":8},"end":{"line":74,"column":null}}]},"12":{"loc":{"start":{"line":80,"column":2},"end":{"line":87,"column":null}},"type":"if","locations":[{"start":{"line":80,"column":2},"end":{"line":87,"column":null}},{"start":{"line":82,"column":9},"end":{"line":87,"column":null}}]},"13":{"loc":{"start":{"line":82,"column":9},"end":{"line":87,"column":null}},"type":"if","locations":[{"start":{"line":82,"column":9},"end":{"line":87,"column":null}},{"start":{"line":85,"column":8},"end":{"line":87,"column":null}}]},"14":{"loc":{"start":{"line":82,"column":13},"end":{"line":82,"column":76}},"type":"binary-expr","locations":[{"start":{"line":82,"column":13},"end":{"line":82,"column":30}},{"start":{"line":82,"column":35},"end":{"line":82,"column":59}},{"start":{"line":82,"column":61},"end":{"line":82,"column":75}}]},"15":{"loc":{"start":{"line":85,"column":8},"end":{"line":87,"column":null}},"type":"if","locations":[{"start":{"line":85,"column":8},"end":{"line":87,"column":null}}]}},"s":{"0":1,"1":1,"2":1,"3":1,"4":1,"5":1,"6":1,"7":1,"8":1,"9":0,"10":0,"11":1,"12":0,"13":0,"14":0,"15":0,"16":0,"17":0,"18":0,"19":0,"20":0,"21":0,"22":0,"23":0,"24":0,"25":0,"26":1,"27":1,"28":0,"29":0,"30":0,"31":0,"32":0,"33":0,"34":1,"35":1,"36":1,"37":1,"38":1,"39":0,"40":0,"41":1,"42":1,"43":1,"44":0,"45":0,"46":0,"47":1,"48":1,"49":1,"50":1,"51":1,"52":0,"53":0,"54":1,"55":1,"56":1,"57":3,"58":3,"59":1,"60":2,"61":1,"62":1,"63":1,"64":1,"65":3,"66":1,"67":1,"68":1,"69":2,"70":1,"71":1,"72":0,"73":0,"74":0,"75":0,"76":0,"77":0,"78":0,"79":1},"f":{"0":0,"1":0,"2":0,"3":1,"4":0,"5":1,"6":3,"7":2,"8":0},"b":{"0":[0],"1":[0],"2":[0],"3":[0],"4":[0],"5":[0],"6":[0],"7":[0],"8":[1,0],"9":[0],"10":[1,0],"11":[0],"12":[1,2],"13":[1,1],"14":[2,1,0],"15":[1]}}
,"/Users/eugeniaiozefavichus/Desktop/St1_projects/ecommerce/ecommerce/src/components/shared/utilities/helper-functions.ts": {"path":"/Users/eugeniaiozefavichus/Desktop/St1_projects/ecommerce/ecommerce/src/components/shared/utilities/helper-functions.ts","statementMap":{"0":{"start":{"line":1,"column":35},"end":{"line":6,"column":1}},"1":{"start":{"line":2,"column":18},"end":{"line":2,"column":45}},"2":{"start":{"line":3,"column":2},"end":{"line":3,"column":43}},"3":{"start":{"line":4,"column":2},"end":{"line":4,"column":57}},"4":{"start":{"line":5,"column":2},"end":{"line":5,"column":17}},"5":{"start":{"line":1,"column":13},"end":{"line":1,"column":35}}},"fnMap":{"0":{"name":"(anonymous_0)","decl":{"start":{"line":1,"column":35},"end":{"line":1,"column":36}},"loc":{"start":{"line":1,"column":104},"end":{"line":6,"column":1}}}},"branchMap":{"0":{"loc":{"start":{"line":4,"column":42},"end":{"line":4,"column":55}},"type":"binary-expr","locations":[{"start":{"line":4,"column":42},"end":{"line":4,"column":49}},{"start":{"line":4,"column":53},"end":{"line":4,"column":55}}]}},"s":{"0":1,"1":0,"2":0,"3":0,"4":0,"5":1},"f":{"0":0},"b":{"0":[0,0]}}
}
