TN:
SF:src\components\pages\registration\validation.ts
FN:12,(anonymous_0)
FN:17,(anonymous_1)
FN:40,(anonymous_2)
FN:50,(anonymous_3)
FN:60,(anonymous_4)
FN:66,(anonymous_5)
FN:76,(anonymous_6)
FN:91,(anonymous_7)
FN:93,(anonymous_8)
FNF:9
FNH:9
FNDA:5,(anonymous_0)
FNDA:3,(anonymous_1)
FNDA:2,(anonymous_2)
FNDA:2,(anonymous_3)
FNDA:1,(anonymous_4)
FNDA:2,(anonymous_5)
FNDA:4,(anonymous_6)
FNDA:2,(anonymous_7)
FNDA:1,(anonymous_8)
DA:1,1
DA:3,1
DA:4,1
DA:5,1
DA:6,1
DA:7,1
DA:8,1
DA:12,1
DA:13,5
DA:14,5
DA:17,1
DA:18,3
DA:19,3
DA:20,1
DA:22,3
DA:23,1
DA:25,3
DA:26,1
DA:28,3
DA:29,1
DA:31,3
DA:32,1
DA:34,3
DA:35,1
DA:37,3
DA:40,1
DA:41,2
DA:42,2
DA:43,1
DA:44,1
DA:45,1
DA:47,2
DA:50,1
DA:51,2
DA:52,2
DA:53,1
DA:54,1
DA:55,1
DA:57,2
DA:60,1
DA:61,1
DA:62,1
DA:63,1
DA:66,1
DA:67,2
DA:68,2
DA:69,1
DA:70,1
DA:71,1
DA:73,2
DA:76,1
DA:77,4
DA:78,4
DA:79,1
DA:80,3
DA:81,1
DA:82,1
DA:83,2
DA:84,1
DA:86,4
DA:90,1
DA:91,2
DA:93,1
DA:94,1
DA:95,1
DA:96,1
DA:97,1
DA:98,1
DA:100,1
LF:69
LH:69
BRDA:19,0,0,1
BRDA:22,1,0,1
BRDA:25,2,0,1
BRDA:28,3,0,1
BRDA:31,4,0,1
BRDA:34,5,0,1
BRDA:42,6,0,1
BRDA:42,6,1,1
BRDA:44,7,0,1
BRDA:52,8,0,1
BRDA:52,8,1,1
BRDA:54,9,0,1
BRDA:68,10,0,1
BRDA:68,10,1,1
BRDA:70,11,0,1
BRDA:78,12,0,1
BRDA:78,12,1,3
BRDA:80,13,0,1
BRDA:80,13,1,2
BRDA:80,14,0,3
BRDA:80,14,1,2
BRDA:80,14,2,1
BRDA:83,15,0,1
BRF:23
BRH:23
end_of_record
TN:
SF:src\components\shared\utilities\helper-functions.ts
FN:1,(anonymous_0)
FNF:1
FNH:1
FNDA:2,(anonymous_0)
DA:1,1
DA:2,2
DA:3,2
DA:4,2
DA:6,2
DA:7,2
LF:6
LH:6
BRDA:3,0,0,2
BRDA:6,1,0,2
BRDA:6,1,1,2
BRF:3
BRH:3
end_of_record
